#
# There is insufficient memory for the Java Runtime Environment to continue.
# Native memory allocation (malloc) failed to allocate 404336 bytes for Chunk::new
# Possible reasons:
#   The system is out of physical RAM or swap space
#   The process is running with CompressedOops enabled, and the Java Heap may be blocking the growth of the native heap
# Possible solutions:
#   Reduce memory load on the system
#   Increase physical memory or swap space
#   Check if swap backing store is full
#   Decrease Java heap size (-Xmx/-Xms)
#   Decrease number of Java threads
#   Decrease Java thread stack sizes (-Xss)
#   Set larger code cache with -XX:ReservedCodeCacheSize=
#   JVM is running with Unscaled Compressed Oops mode in which the Java heap is
#     placed in the first 4GB address space. The Java Heap base address is the
#     maximum limit for the native heap growth. Please use -XX:HeapBaseMinAddress
#     to set the Java Heap base and to place the Java Heap above 4GB virtual address.
# This output file may be truncated or incomplete.
#
#  Out of Memory Error (allocation.cpp:389), pid=17152, tid=0x000000000000244c
#
# JRE version: Java(TM) SE Runtime Environment (8.0_281-b09) (build 1.8.0_281-b09)
# Java VM: Java HotSpot(TM) 64-Bit Server VM (25.281-b09 mixed mode windows-amd64 compressed oops)
# Failed to write core dump. Minidumps are not enabled by default on client versions of Windows
#

---------------  T H R E A D  ---------------

Current thread (0x000001f13646c000):  JavaThread "C2 CompilerThread0" daemon [_thread_in_native, id=9292, stack(0x000000d2f6800000,0x000000d2f6900000)]

Stack: [0x000000d2f6800000,0x000000d2f6900000]
Native frames: (J=compiled Java code, j=interpreted, Vv=VM code, C=native code)
V  [jvm.dll+0x32e5b9]
V  [jvm.dll+0x275012]
V  [jvm.dll+0x275cbd]
V  [jvm.dll+0x26c6f5]
V  [jvm.dll+0xd51fc]
V  [jvm.dll+0xd59fc]
V  [jvm.dll+0x4523f2]
V  [jvm.dll+0x48d85d]
V  [jvm.dll+0x441950]
V  [jvm.dll+0x43f664]
V  [jvm.dll+0x42a5e7]
V  [jvm.dll+0xabe9b]
V  [jvm.dll+0xaa4fb]
V  [jvm.dll+0x23d6b2]
V  [jvm.dll+0x291cbc]
C  [ucrtbase.dll+0x21bb2]
C  [KERNEL32.dll+0x17034]
C  [ntdll.dll+0x52651]


Current CompileTask:
C2:  10997 3143   !   4       java.net.URL::<init> (543 bytes)


---------------  P R O C E S S  ---------------

Java Threads: ( => current thread )
  0x000001f139975800 JavaThread "spring.cloud.inetutils" daemon [_thread_in_native, id=13636, stack(0x000000d2f7100000,0x000000d2f7200000)]
  0x000001f138470000 JavaThread "surefire-forkedjvm-ping-30s" daemon [_thread_blocked, id=9836, stack(0x000000d2f6f00000,0x000000d2f7000000)]
  0x000001f1383cc000 JavaThread "surefire-forkedjvm-command-thread" daemon [_thread_in_native, id=19328, stack(0x000000d2f6e00000,0x000000d2f6f00000)]
  0x000001f1364cd800 JavaThread "Service Thread" daemon [_thread_blocked, id=20332, stack(0x000000d2f6c00000,0x000000d2f6d00000)]
  0x000001f13647c800 JavaThread "C1 CompilerThread3" daemon [_thread_blocked, id=19140, stack(0x000000d2f6b00000,0x000000d2f6c00000)]
  0x000001f136470000 JavaThread "C2 CompilerThread2" daemon [_thread_blocked, id=19836, stack(0x000000d2f6a00000,0x000000d2f6b00000)]
  0x000001f13646e800 JavaThread "C2 CompilerThread1" daemon [_thread_blocked, id=19424, stack(0x000000d2f6900000,0x000000d2f6a00000)]
=>0x000001f13646c000 JavaThread "C2 CompilerThread0" daemon [_thread_in_native, id=9292, stack(0x000000d2f6800000,0x000000d2f6900000)]
  0x000001f136468000 JavaThread "Attach Listener" daemon [_thread_blocked, id=2020, stack(0x000000d2f6700000,0x000000d2f6800000)]
  0x000001f136467000 JavaThread "Signal Dispatcher" daemon [_thread_blocked, id=19372, stack(0x000000d2f6600000,0x000000d2f6700000)]
  0x000001f136448000 JavaThread "Finalizer" daemon [_thread_blocked, id=20956, stack(0x000000d2f6500000,0x000000d2f6600000)]
  0x000001f13643c800 JavaThread "Reference Handler" daemon [_thread_blocked, id=22512, stack(0x000000d2f6400000,0x000000d2f6500000)]
  0x000001f1214fd800 JavaThread "main" [_thread_in_native, id=13480, stack(0x000000d2f5a00000,0x000000d2f5b00000)]

Other Threads:
  0x000001f136414000 VMThread [stack: 0x000000d2f6300000,0x000000d2f6400000] [id=20908]
  0x000001f1364ce800 WatcherThread [stack: 0x000000d2f6d00000,0x000000d2f6e00000] [id=19692]

VM state:not at safepoint (normal execution)

VM Mutex/Monitor currently owned by a thread: None

heap address: 0x00000000a0c00000, size: 1524 MB, Compressed Oops mode: 32-bit
Narrow klass base: 0x0000000000000000, Narrow klass shift: 3
Compressed class space size: 1073741824 Address: 0x0000000100000000

Heap:
 PSYoungGen      total 74240K, used 13002K [0x00000000e0400000, 0x00000000e6b80000, 0x0000000100000000)
  eden space 66560K, 19% used [0x00000000e0400000,0x00000000e10b2888,0x00000000e4500000)
  from space 7680K, 0% used [0x00000000e4500000,0x00000000e4500000,0x00000000e4c80000)
  to   space 7680K, 0% used [0x00000000e6400000,0x00000000e6400000,0x00000000e6b80000)
 ParOldGen       total 46080K, used 10804K [0x00000000a0c00000, 0x00000000a3900000, 0x00000000e0400000)
  object space 46080K, 23% used [0x00000000a0c00000,0x00000000a168d240,0x00000000a3900000)
 Metaspace       used 34381K, capacity 36464K, committed 36608K, reserved 1081344K
  class space    used 4731K, capacity 5112K, committed 5120K, reserved 1048576K

Card table byte_map: [0x000001f132210000,0x000001f132510000] byte_map_base: 0x000001f131d0a000

Marking Bits: (ParMarkBitMap*) 0x00000000508d6ff0
 Begin Bits: [0x000001f132710000, 0x000001f133ee0000)
 End Bits:   [0x000001f133ee0000, 0x000001f1356b0000)

Polling page: 0x000001f121670000

CodeCache: size=245760Kb used=9843Kb max_used=9854Kb free=235916Kb
 bounds [0x000001f122e50000, 0x000001f123800000, 0x000001f131e50000]
 total_blobs=3266 nmethods=2844 adapters=335
 compilation: enabled

Compilation events (10 events):
Event: 10.675 Thread 0x000001f13647c800 3135   !   3       org.springframework.core.annotation.AnnotationsScanner::processElement (40 bytes)
Event: 10.675 Thread 0x000001f13647c800 nmethod 3135 0x000001f1235625d0 code [0x000001f123562760, 0x000001f123562b60]
Event: 10.675 Thread 0x000001f13647c800 3139       3       java.lang.invoke.MethodHandles$Lookup::findBoundCallerClass (36 bytes)
Event: 10.676 Thread 0x000001f13647c800 nmethod 3139 0x000001f123107710 code [0x000001f1231078e0, 0x000001f123108240]
Event: 10.680 Thread 0x000001f136470000 nmethod 3140 0x000001f1237ab1d0 code [0x000001f1237ab360, 0x000001f1237ab7b8]
Event: 10.782 Thread 0x000001f13647c800 3141   !   3       java.lang.ref.Reference::tryHandlePending (115 bytes)
Event: 10.783 Thread 0x000001f13647c800 nmethod 3141 0x000001f1237abc50 code [0x000001f1237abe80, 0x000001f1237acb30]
Event: 10.789 Thread 0x000001f13646e800 3142       4       java.util.ArrayDeque::pollFirst (42 bytes)
Event: 10.790 Thread 0x000001f13646e800 nmethod 3142 0x000001f1237aaf50 code [0x000001f1237ab080, 0x000001f1237ab138]
Event: 10.899 Thread 0x000001f13646c000 3143   !   4       java.net.URL::<init> (543 bytes)

GC Heap History (10 events):
Event: 6.965 GC heap before
{Heap before GC invocations=11 (full 1):
 PSYoungGen      total 43520K, used 39046K [0x00000000e0400000, 0x00000000e4300000, 0x0000000100000000)
  eden space 35328K, 100% used [0x00000000e0400000,0x00000000e2680000,0x00000000e2680000)
  from space 8192K, 45% used [0x00000000e2680000,0x00000000e2a21b90,0x00000000e2e80000)
  to   space 7680K, 0% used [0x00000000e3b80000,0x00000000e3b80000,0x00000000e4300000)
 ParOldGen       total 46080K, used 6753K [0x00000000a0c00000, 0x00000000a3900000, 0x00000000e0400000)
  object space 46080K, 14% used [0x00000000a0c00000,0x00000000a1298428,0x00000000a3900000)
 Metaspace       used 26424K, capacity 28290K, committed 28416K, reserved 1073152K
  class space    used 3653K, capacity 4015K, committed 4096K, reserved 1048576K
Event: 6.971 GC heap after
Heap after GC invocations=11 (full 1):
 PSYoungGen      total 56832K, used 2794K [0x00000000e0400000, 0x00000000e4380000, 0x0000000100000000)
  eden space 49152K, 0% used [0x00000000e0400000,0x00000000e0400000,0x00000000e3400000)
  from space 7680K, 36% used [0x00000000e3b80000,0x00000000e3e3a900,0x00000000e4300000)
  to   space 7680K, 0% used [0x00000000e3400000,0x00000000e3400000,0x00000000e3b80000)
 ParOldGen       total 46080K, used 7961K [0x00000000a0c00000, 0x00000000a3900000, 0x00000000e0400000)
  object space 46080K, 17% used [0x00000000a0c00000,0x00000000a13c6640,0x00000000a3900000)
 Metaspace       used 26424K, capacity 28290K, committed 28416K, reserved 1073152K
  class space    used 3653K, capacity 4015K, committed 4096K, reserved 1048576K
}
Event: 9.597 GC heap before
{Heap before GC invocations=12 (full 1):
 PSYoungGen      total 56832K, used 51946K [0x00000000e0400000, 0x00000000e4380000, 0x0000000100000000)
  eden space 49152K, 100% used [0x00000000e0400000,0x00000000e3400000,0x00000000e3400000)
  from space 7680K, 36% used [0x00000000e3b80000,0x00000000e3e3a900,0x00000000e4300000)
  to   space 7680K, 0% used [0x00000000e3400000,0x00000000e3400000,0x00000000e3b80000)
 ParOldGen       total 46080K, used 7961K [0x00000000a0c00000, 0x00000000a3900000, 0x00000000e0400000)
  object space 46080K, 17% used [0x00000000a0c00000,0x00000000a13c6640,0x00000000a3900000)
 Metaspace       used 30362K, capacity 32290K, committed 32384K, reserved 1077248K
  class space    used 4111K, capacity 4477K, committed 4480K, reserved 1048576K
Event: 9.606 GC heap after
Heap after GC invocations=12 (full 1):
 PSYoungGen      total 56832K, used 5600K [0x00000000e0400000, 0x00000000e5580000, 0x0000000100000000)
  eden space 49152K, 0% used [0x00000000e0400000,0x00000000e0400000,0x00000000e3400000)
  from space 7680K, 72% used [0x00000000e3400000,0x00000000e3978170,0x00000000e3b80000)
  to   space 8192K, 0% used [0x00000000e4d80000,0x00000000e4d80000,0x00000000e5580000)
 ParOldGen       total 46080K, used 8965K [0x00000000a0c00000, 0x00000000a3900000, 0x00000000e0400000)
  object space 46080K, 19% used [0x00000000a0c00000,0x00000000a14c1680,0x00000000a3900000)
 Metaspace       used 30362K, capacity 32290K, committed 32384K, reserved 1077248K
  class space    used 4111K, capacity 4477K, committed 4480K, reserved 1048576K
}
Event: 10.508 GC heap before
{Heap before GC invocations=13 (full 1):
 PSYoungGen      total 56832K, used 54752K [0x00000000e0400000, 0x00000000e5580000, 0x0000000100000000)
  eden space 49152K, 100% used [0x00000000e0400000,0x00000000e3400000,0x00000000e3400000)
  from space 7680K, 72% used [0x00000000e3400000,0x00000000e3978170,0x00000000e3b80000)
  to   space 8192K, 0% used [0x00000000e4d80000,0x00000000e4d80000,0x00000000e5580000)
 ParOldGen       total 46080K, used 8965K [0x00000000a0c00000, 0x00000000a3900000, 0x00000000e0400000)
  object space 46080K, 19% used [0x00000000a0c00000,0x00000000a14c1680,0x00000000a3900000)
 Metaspace       used 32552K, capacity 34656K, committed 34816K, reserved 1079296K
  class space    used 4413K, capacity 4816K, committed 4864K, reserved 1048576K
Event: 10.515 GC heap after
Heap after GC invocations=13 (full 1):
 PSYoungGen      total 73216K, used 4424K [0x00000000e0400000, 0x00000000e5400000, 0x0000000100000000)
  eden space 66560K, 0% used [0x00000000e0400000,0x00000000e0400000,0x00000000e4500000)
  from space 6656K, 66% used [0x00000000e4d80000,0x00000000e51d2148,0x00000000e5400000)
  to   space 7680K, 0% used [0x00000000e4500000,0x00000000e4500000,0x00000000e4c80000)
 ParOldGen       total 46080K, used 10569K [0x00000000a0c00000, 0x00000000a3900000, 0x00000000e0400000)
  object space 46080K, 22% used [0x00000000a0c00000,0x00000000a16526b0,0x00000000a3900000)
 Metaspace       used 32552K, capacity 34656K, committed 34816K, reserved 1079296K
  class space    used 4413K, capacity 4816K, committed 4864K, reserved 1048576K
}
Event: 10.709 GC heap before
{Heap before GC invocations=14 (full 1):
 PSYoungGen      total 73216K, used 13851K [0x00000000e0400000, 0x00000000e5400000, 0x0000000100000000)
  eden space 66560K, 14% used [0x00000000e0400000,0x00000000e0d34b80,0x00000000e4500000)
  from space 6656K, 66% used [0x00000000e4d80000,0x00000000e51d2148,0x00000000e5400000)
  to   space 7680K, 0% used [0x00000000e4500000,0x00000000e4500000,0x00000000e4c80000)
 ParOldGen       total 46080K, used 10569K [0x00000000a0c00000, 0x00000000a3900000, 0x00000000e0400000)
  object space 46080K, 22% used [0x00000000a0c00000,0x00000000a16526b0,0x00000000a3900000)
 Metaspace       used 33298K, capacity 35370K, committed 35456K, reserved 1079296K
  class space    used 4513K, capacity 4919K, committed 4992K, reserved 1048576K
Event: 10.712 GC heap after
Heap after GC invocations=14 (full 1):
 PSYoungGen      total 74240K, used 1015K [0x00000000e0400000, 0x00000000e6b80000, 0x0000000100000000)
  eden space 66560K, 0% used [0x00000000e0400000,0x00000000e0400000,0x00000000e4500000)
  from space 7680K, 13% used [0x00000000e4500000,0x00000000e45fdfb0,0x00000000e4c80000)
  to   space 7680K, 0% used [0x00000000e6400000,0x00000000e6400000,0x00000000e6b80000)
 ParOldGen       total 46080K, used 12233K [0x00000000a0c00000, 0x00000000a3900000, 0x00000000e0400000)
  object space 46080K, 26% used [0x00000000a0c00000,0x00000000a17f26b0,0x00000000a3900000)
 Metaspace       used 33298K, capacity 35370K, committed 35456K, reserved 1079296K
  class space    used 4513K, capacity 4919K, committed 4992K, reserved 1048576K
}
Event: 10.712 GC heap before
{Heap before GC invocations=15 (full 2):
 PSYoungGen      total 74240K, used 1015K [0x00000000e0400000, 0x00000000e6b80000, 0x0000000100000000)
  eden space 66560K, 0% used [0x00000000e0400000,0x00000000e0400000,0x00000000e4500000)
  from space 7680K, 13% used [0x00000000e4500000,0x00000000e45fdfb0,0x00000000e4c80000)
  to   space 7680K, 0% used [0x00000000e6400000,0x00000000e6400000,0x00000000e6b80000)
 ParOldGen       total 46080K, used 12233K [0x00000000a0c00000, 0x00000000a3900000, 0x00000000e0400000)
  object space 46080K, 26% used [0x00000000a0c00000,0x00000000a17f26b0,0x00000000a3900000)
 Metaspace       used 33298K, capacity 35370K, committed 35456K, reserved 1079296K
  class space    used 4513K, capacity 4919K, committed 4992K, reserved 1048576K
Event: 10.782 GC heap after
Heap after GC invocations=15 (full 2):
 PSYoungGen      total 74240K, used 0K [0x00000000e0400000, 0x00000000e6b80000, 0x0000000100000000)
  eden space 66560K, 0% used [0x00000000e0400000,0x00000000e0400000,0x00000000e4500000)
  from space 7680K, 0% used [0x00000000e4500000,0x00000000e4500000,0x00000000e4c80000)
  to   space 7680K, 0% used [0x00000000e6400000,0x00000000e6400000,0x00000000e6b80000)
 ParOldGen       total 46080K, used 10804K [0x00000000a0c00000, 0x00000000a3900000, 0x00000000e0400000)
  object space 46080K, 23% used [0x00000000a0c00000,0x00000000a168d240,0x00000000a3900000)
 Metaspace       used 33298K, capacity 35370K, committed 35456K, reserved 1079296K
  class space    used 4513K, capacity 4919K, committed 4992K, reserved 1048576K
}

Deoptimization events (10 events):
Event: 10.011 Thread 0x000001f1214fd800 Uncommon trap: reason=bimorphic action=maybe_recompile pc=0x000001f1233bf978 method=java.util.HashMap.putVal(ILjava/lang/Object;Ljava/lang/Object;ZZ)Ljava/lang/Object; @ 203
Event: 10.515 Thread 0x000001f13643c800 Uncommon trap: reason=unstable_if action=reinterpret pc=0x000001f1235698a0 method=java.lang.ref.Reference.tryHandlePending(Z)Z @ 104
Event: 10.654 Thread 0x000001f1214fd800 Uncommon trap: reason=class_check action=maybe_recompile pc=0x000001f1235296a0 method=java.lang.reflect.Method.equals(Ljava/lang/Object;)Z @ 5
Event: 10.666 Thread 0x000001f1214fd800 Uncommon trap: reason=class_check action=maybe_recompile pc=0x000001f1235296a0 method=java.lang.reflect.Method.equals(Ljava/lang/Object;)Z @ 5
Event: 10.666 Thread 0x000001f1214fd800 Uncommon trap: reason=class_check action=maybe_recompile pc=0x000001f1235296a0 method=java.lang.reflect.Method.equals(Ljava/lang/Object;)Z @ 5
Event: 10.669 Thread 0x000001f1214fd800 Uncommon trap: reason=unstable_if action=reinterpret pc=0x000001f1237c6658 method=org.springframework.beans.factory.support.AbstractBeanFactory.isTypeMatch(Ljava/lang/String;Lorg/springframework/core/ResolvableType;Z)Z @ 313
Event: 10.884 Thread 0x000001f1214fd800 Uncommon trap: reason=class_check action=maybe_recompile pc=0x000001f12376ee14 method=java.util.AbstractList$Itr.hasNext()Z @ 8
Event: 10.886 Thread 0x000001f1214fd800 Uncommon trap: reason=class_check action=maybe_recompile pc=0x000001f12376ee14 method=java.util.AbstractList$Itr.hasNext()Z @ 8
Event: 10.886 Thread 0x000001f1214fd800 Uncommon trap: reason=class_check action=maybe_recompile pc=0x000001f12376ee14 method=java.util.AbstractList$Itr.hasNext()Z @ 8
Event: 10.886 Thread 0x000001f1214fd800 Uncommon trap: reason=class_check action=maybe_recompile pc=0x000001f12376ee14 method=java.util.AbstractList$Itr.hasNext()Z @ 8

Classes redefined (0 events):
No events

Internal exceptions (10 events):
Event: 9.720 Thread 0x000001f1214fd800 Exception <a 'java/lang/ClassNotFoundException': org/springframework/context/ResourceLoaderAwareCustomizer> (0x00000000e0a74b10) thrown at [C:\jenkins\workspace\8-2-build-windows-amd64-cygwin\jdk8u281\880\hotspot\src\share\vm\classfile\systemDictionary.cp
Event: 9.722 Thread 0x000001f1214fd800 Exception <a 'java/lang/ClassNotFoundException': org/springframework/beans/factory/AwareCustomizer> (0x00000000e0a9fe28) thrown at [C:\jenkins\workspace\8-2-build-windows-amd64-cygwin\jdk8u281\880\hotspot\src\share\vm\classfile\systemDictionary.cpp, line 
Event: 9.723 Thread 0x000001f1214fd800 Exception <a 'java/lang/ClassNotFoundException': org/springframework/context/ApplicationStartupAwareCustomizer> (0x00000000e0ad18d0) thrown at [C:\jenkins\workspace\8-2-build-windows-amd64-cygwin\jdk8u281\880\hotspot\src\share\vm\classfile\systemDictionar
Event: 9.725 Thread 0x000001f1214fd800 Exception <a 'java/lang/ClassNotFoundException': org/springframework/beans/factory/AwareCustomizer> (0x00000000e0afd128) thrown at [C:\jenkins\workspace\8-2-build-windows-amd64-cygwin\jdk8u281\880\hotspot\src\share\vm\classfile\systemDictionary.cpp, line 
Event: 9.726 Thread 0x000001f1214fd800 Exception <a 'java/lang/ClassNotFoundException': org/springframework/beans/factory/BeanClassLoaderAwareCustomizer> (0x00000000e0b30420) thrown at [C:\jenkins\workspace\8-2-build-windows-amd64-cygwin\jdk8u281\880\hotspot\src\share\vm\classfile\systemDictio
Event: 9.728 Thread 0x000001f1214fd800 Exception <a 'java/lang/ClassNotFoundException': org/springframework/beans/factory/AwareCustomizer> (0x00000000e0b5b840) thrown at [C:\jenkins\workspace\8-2-build-windows-amd64-cygwin\jdk8u281\880\hotspot\src\share\vm\classfile\systemDictionary.cpp, line 
Event: 9.729 Thread 0x000001f1214fd800 Exception <a 'java/lang/ClassNotFoundException': org/springframework/context/EnvironmentAwareCustomizer> (0x00000000e0b889d8) thrown at [C:\jenkins\workspace\8-2-build-windows-amd64-cygwin\jdk8u281\880\hotspot\src\share\vm\classfile\systemDictionary.cpp, 
Event: 9.731 Thread 0x000001f1214fd800 Exception <a 'java/lang/ClassNotFoundException': org/springframework/beans/factory/AwareCustomizer> (0x00000000e0bb3cd0) thrown at [C:\jenkins\workspace\8-2-build-windows-amd64-cygwin\jdk8u281\880\hotspot\src\share\vm\classfile\systemDictionary.cpp, line 
Event: 9.931 Thread 0x000001f1214fd800 Exception <a 'java/lang/IncompatibleClassChangeError': Found class java.lang.Object, but interface was expected> (0x00000000e13be7e0) thrown at [C:\jenkins\workspace\8-2-build-windows-amd64-cygwin\jdk8u281\880\hotspot\src\share\vm\interpreter\linkResolver
Event: 10.791 Thread 0x000001f1214fd800 Exception <a 'java/lang/ClassNotFoundException': java/lang/Module> (0x00000000e04f5108) thrown at [C:\jenkins\workspace\8-2-build-windows-amd64-cygwin\jdk8u281\880\hotspot\src\share\vm\classfile\systemDictionary.cpp, line 212]

Events (10 events):
Event: 10.934 loading class net/bytebuddy/description/method/ParameterList$AbstractBase
Event: 10.934 loading class net/bytebuddy/description/method/ParameterList$AbstractBase done
Event: 10.935 loading class net/bytebuddy/description/method/ParameterList
Event: 10.935 loading class net/bytebuddy/description/method/ParameterList done
Event: 10.936 loading class net/bytebuddy/description/method/ParameterList$ForLoadedExecutable$Dispatcher$CreationAction
Event: 10.936 loading class net/bytebuddy/description/method/ParameterList$ForLoadedExecutable$Dispatcher$CreationAction done
Event: 10.937 loading class net/bytebuddy/description/method/ParameterList$ForLoadedExecutable$Dispatcher
Event: 10.937 loading class net/bytebuddy/description/method/ParameterList$ForLoadedExecutable$Dispatcher done
Event: 10.937 loading class net/bytebuddy/description/method/ParameterList$ForLoadedExecutable$Dispatcher$ForJava8CapableVm
Event: 10.937 loading class net/bytebuddy/description/method/ParameterList$ForLoadedExecutable$Dispatcher$ForJava8CapableVm done


Dynamic libraries:
0x00007ff6d58a0000 - 0x00007ff6d58e7000 	C:\Program Files\Java\jdk1.8.0_281\jre\bin\java.exe
0x00007ffa46e70000 - 0x00007ffa47065000 	C:\WINDOWS\SYSTEM32\ntdll.dll
0x00007ffa451b0000 - 0x00007ffa4526d000 	C:\WINDOWS\System32\KERNEL32.dll
0x00007ffa44350000 - 0x00007ffa44469000 	C:\Windows\system32\hmpalert.dll
0x00007ffa44670000 - 0x00007ffa44938000 	C:\WINDOWS\System32\KERNELBASE.dll
0x00007ffa46850000 - 0x00007ffa468fc000 	C:\WINDOWS\System32\ADVAPI32.dll
0x00007ffa46170000 - 0x00007ffa4620e000 	C:\WINDOWS\System32\msvcrt.dll
0x00007ffa44f90000 - 0x00007ffa4502b000 	C:\WINDOWS\System32\sechost.dll
0x00007ffa46690000 - 0x00007ffa467bb000 	C:\WINDOWS\System32\RPCRT4.dll
0x00007ffa45340000 - 0x00007ffa454e0000 	C:\WINDOWS\System32\USER32.dll
0x00007ffa44640000 - 0x00007ffa44662000 	C:\WINDOWS\System32\win32u.dll
0x00007ffa455b0000 - 0x00007ffa455da000 	C:\WINDOWS\System32\GDI32.dll
0x00007ffa44ba0000 - 0x00007ffa44cab000 	C:\WINDOWS\System32\gdi32full.dll
0x00007ffa44e30000 - 0x00007ffa44ecd000 	C:\WINDOWS\System32\msvcp_win.dll
0x00007ffa44aa0000 - 0x00007ffa44ba0000 	C:\WINDOWS\System32\ucrtbase.dll
0x00007ffa34810000 - 0x00007ffa34aaa000 	C:\WINDOWS\WinSxS\amd64_microsoft.windows.common-controls_6595b64144ccf1df_6.0.19041.844_none_ca00b6081b84eb1d\COMCTL32.dll
0x00007ffa45050000 - 0x00007ffa45080000 	C:\WINDOWS\System32\IMM32.DLL
0x00007ffa26900000 - 0x00007ffa26915000 	C:\Program Files\Java\jdk1.8.0_281\jre\bin\vcruntime140.dll
0x00007ffa10c70000 - 0x00007ffa10d0b000 	C:\Program Files\Java\jdk1.8.0_281\jre\bin\msvcp140.dll
0x00000000500f0000 - 0x000000005094f000 	C:\Program Files\Java\jdk1.8.0_281\jre\bin\server\jvm.dll
0x00007ffa456c0000 - 0x00007ffa456c8000 	C:\WINDOWS\System32\PSAPI.DLL
0x00007ffa3ec90000 - 0x00007ffa3ec9a000 	C:\WINDOWS\SYSTEM32\VERSION.dll
0x00007ffa1f8a0000 - 0x00007ffa1f8a9000 	C:\WINDOWS\SYSTEM32\WSOCK32.dll
0x00007ffa3c210000 - 0x00007ffa3c237000 	C:\WINDOWS\SYSTEM32\WINMM.dll
0x00007ffa46100000 - 0x00007ffa4616b000 	C:\WINDOWS\System32\WS2_32.dll
0x00007ffa42d20000 - 0x00007ffa42d32000 	C:\WINDOWS\SYSTEM32\kernel.appcore.dll
0x00007ffa3fb30000 - 0x00007ffa3fb40000 	C:\Program Files\Java\jdk1.8.0_281\jre\bin\verify.dll
0x00007ffa3d4c0000 - 0x00007ffa3d4eb000 	C:\Program Files\Java\jdk1.8.0_281\jre\bin\java.dll
0x00007ffa3d530000 - 0x00007ffa3d548000 	C:\Program Files\Java\jdk1.8.0_281\jre\bin\zip.dll
0x00007ffa45800000 - 0x00007ffa45f42000 	C:\WINDOWS\System32\SHELL32.dll
0x00007ffa42180000 - 0x00007ffa42910000 	C:\WINDOWS\SYSTEM32\windows.storage.dll
0x00007ffa46ad0000 - 0x00007ffa46e25000 	C:\WINDOWS\System32\combase.dll
0x00007ffa43d60000 - 0x00007ffa43d8c000 	C:\WINDOWS\SYSTEM32\Wldp.dll
0x00007ffa46900000 - 0x00007ffa469ae000 	C:\WINDOWS\System32\SHCORE.dll
0x00007ffa454e0000 - 0x00007ffa45535000 	C:\WINDOWS\System32\shlwapi.dll
0x00007ffa444f0000 - 0x00007ffa4450f000 	C:\WINDOWS\SYSTEM32\profapi.dll
0x00007ffa40e50000 - 0x00007ffa40e5d000 	C:\Program Files\Java\jdk1.8.0_281\jre\bin\management.dll
0x00007ffa3a2a0000 - 0x00007ffa3a2bc000 	C:\Program Files\Java\jdk1.8.0_281\jre\bin\net.dll
0x00007ffa43b40000 - 0x00007ffa43baa000 	C:\WINDOWS\system32\mswsock.dll
0x00007ffa34200000 - 0x00007ffa34213000 	C:\Program Files\Java\jdk1.8.0_281\jre\bin\nio.dll
0x00007ffa43850000 - 0x00007ffa4388b000 	C:\WINDOWS\SYSTEM32\IPHLPAPI.DLL
0x00007ffa455a0000 - 0x00007ffa455a8000 	C:\WINDOWS\System32\NSI.dll
0x00007ffa3c510000 - 0x00007ffa3c527000 	C:\WINDOWS\SYSTEM32\dhcpcsvc6.DLL
0x00007ffa3c530000 - 0x00007ffa3c54d000 	C:\WINDOWS\SYSTEM32\dhcpcsvc.DLL
0x00007ffa438a0000 - 0x00007ffa4396c000 	C:\WINDOWS\SYSTEM32\DNSAPI.dll
0x00007ffa1d130000 - 0x00007ffa1d147000 	C:\WINDOWS\system32\napinsp.dll
0x00007ffa1d110000 - 0x00007ffa1d12b000 	C:\WINDOWS\system32\pnrpnsp.dll
0x00007ffa1d0f0000 - 0x00007ffa1d105000 	C:\WINDOWS\system32\wshbth.dll
0x00007ffa3fa30000 - 0x00007ffa3fa4d000 	C:\WINDOWS\system32\NLAapi.dll
0x00007ffa1d0a0000 - 0x00007ffa1d0b2000 	C:\WINDOWS\System32\winrnr.dll
0x00007ffa3aca0000 - 0x00007ffa3acaa000 	C:\Windows\System32\rasadhlp.dll
0x00007ffa3ad20000 - 0x00007ffa3ad9f000 	C:\WINDOWS\System32\fwpuclnt.dll
0x00007ffa445b0000 - 0x00007ffa445d7000 	C:\WINDOWS\System32\bcrypt.dll
0x00007ffa42910000 - 0x00007ffa42af4000 	C:\WINDOWS\SYSTEM32\dbghelp.dll
0x00007ffa44cb0000 - 0x00007ffa44d30000 	C:\WINDOWS\System32\bcryptPrimitives.dll

VM Arguments:
java_command: C:\Users\GTD-157\AppData\Local\Temp\surefire4931357875328393882\surefirebooter4636572785881401602.jar C:\Users\GTD-157\AppData\Local\Temp\surefire4931357875328393882 2021-06-03T21-21-43_809-jvmRun1 surefire8845391662543711282tmp surefire_07294297609637723563tmp
java_class_path (initial): C:\Users\GTD-157\AppData\Local\Temp\surefire4931357875328393882\surefirebooter4636572785881401602.jar
Launcher Type: SUN_STANDARD

Environment Variables:
JAVA_HOME=C:\Program Files\Java\jdk1.8.0_281
PATH=C:\Program Files\Microsoft MPI\Bin\;C:\Program Files\Java\jdk1.8.0_281\\bin;C:\\Users\\GTD-157\\tools\\apache-maven-3.6.3\\bin;C:\WINDOWS\system32;C:\WINDOWS;C:\WINDOWS\System32\Wbem;C:\WINDOWS\System32\WindowsPowerShell\v1.0\;C:\WINDOWS\System32\OpenSSH\;C:\Program Files (x86)\Microsoft SQL Server\150\DTS\Binn\;C:\Program Files\Azure Data Studio\bin;C:\Users\GTD-157\tools\nodejs\;C:\ProgramData\chocolatey\bin;C:\Program Files\Microsoft SQL Server\Client SDK\ODBC\170\Tools\Binn\;C:\Program Files (x86)\Microsoft SQL Server\150\Tools\Binn\;C:\Program Files\Microsoft SQL Server\150\Tools\Binn\;C:\Program Files\Microsoft SQL Server\150\DTS\Binn\;C:\Program Files\Docker\Docker\resources\bin;C:\ProgramData\DockerDesktop\version-bin;C:\Program Files\Java\jdk1.8.0_281\\bin;C:\\Users\\GTD-157\\tools\\apache-maven-3.6.3\\bin;C:\Users\GTD-157\AppData\Local\Microsoft\WindowsApps;C:\Program Files (x86)\Sophos\Sophos SSL VPN Client\bin;C:\Users\GTD-157\tools\Microsoft VS Code\bin;C:\Users\GTD-157\tools\Git\cmd;C:\Users\GTD-157\AppData\Roaming\npm;C:\\Users\\GTD-157\\tools\\flutter\\bin;C:\Users\GTD-157\AppData\Local\Android\Sdk\\tools\\bin;C:\Users\GTD-157\tools\spring-roo-2.0.0.RELEASE\\bin;C:\Program Files (x86)\Rico Suter\NSwagStudio\
USERNAME=GTD-157
OS=Windows_NT
PROCESSOR_IDENTIFIER=AMD64 Family 23 Model 24 Stepping 1, AuthenticAMD



---------------  S Y S T E M  ---------------

OS: Windows 10.0 , 64 bit Build 19041 (10.0.19041.928)

CPU:total 8 (initial active 8) (8 cores per cpu, 1 threads per core) family 23 model 24 stepping 1, cmov, cx8, fxsr, mmx, sse, sse2, sse3, ssse3, sse4.1, sse4.2, popcnt, avx, avx2, aes, clmul, mmxext, 3dnowpref, lzcnt, sse4a, tsc, tscinvbit, tscinv, bmi1

Memory: 4k page, physical 6237860k(162316k free), swap 25112228k(3360k free)

vm_info: Java HotSpot(TM) 64-Bit Server VM (25.281-b09) for windows-amd64 JRE (1.8.0_281-b09), built on Dec  9 2020 13:54:07 by "" with MS VC++ 15.9 (VS2017)

time: Thu Jun  3 21:23:36 2021
timezone: Hora est. Pacífico, Sudamérica
elapsed time: 11.010550 seconds (0d 0h 0m 11s)

